<?xml version="1.0" encoding="UTF-8"?>
<!-- Generated by org.testng.reporters.JUnitReportReporter -->
<testsuite hostname="mirketa-siddharth" failures="0" tests="1" name="AlertHandle.Exec" time="0.855" errors="0" timestamp="2021-04-13T23:06:17 IST" skipped="0">
  <testcase classname="AlertHandle.Exec" name="Main" time="0.855"/>
  <system-out/>
</testsuite> <!-- AlertHandle.Exec -->
