<?xml version="1.0" encoding="UTF-8"?>
<!-- Generated by org.testng.reporters.JUnitReportReporter -->
<testsuite hostname="mirketa-siddharth" failures="0" tests="1" name="Waits.Testing" time="8.425" errors="0" timestamp="2021-04-21T23:56:46 IST" skipped="0">
  <testcase classname="Waits.Testing" name="TestHello" time="8.425"/>
  <system-out/>
</testsuite> <!-- Waits.Testing -->
