<?xml version="1.0" encoding="UTF-8"?>
<!-- Generated by org.testng.reporters.JUnitReportReporter -->
<testsuite hostname="mirketa-siddharth" failures="0" tests="1" name="SFAutomation.TrainingCode" time="15.340" errors="0" timestamp="2021-04-07T13:49:57 IST" skipped="0">
  <testcase classname="SFAutomation.TrainingCode" name="TitleVerification" time="15.340"/>
  <system-out/>
</testsuite> <!-- SFAutomation.TrainingCode -->
