<?xml version="1.0" encoding="UTF-8"?>
<!-- Generated by org.testng.reporters.JUnitReportReporter -->
<testsuite hostname="mirketa-siddharth" failures="0" tests="1" name="Keys.Execution" time="20.830" errors="0" timestamp="2021-04-11T18:06:02 IST" skipped="0">
  <testcase classname="Keys.Execution" name="Main" time="20.830"/>
  <system-out/>
</testsuite> <!-- Keys.Execution -->
