<?xml version="1.0" encoding="UTF-8"?>
<!-- Generated by org.testng.reporters.JUnitReportReporter -->
<testsuite hostname="mirketa-siddharth" failures="0" tests="3" name="SFAutomation.DataProviderss" time="0.014" errors="0" timestamp="2021-04-06T17:36:44 IST" skipped="0">
  <testcase classname="SFAutomation.DataProviderss" name="logIn" time="0.002"/>
  <system-out/>
  <testcase classname="SFAutomation.DataProviderss" name="logIn" time="0.002"/>
  <system-out/>
  <testcase classname="SFAutomation.DataProviderss" name="logIn" time="0.010"/>
  <system-out/>
</testsuite> <!-- SFAutomation.DataProviderss -->
