<?xml version="1.0" encoding="UTF-8"?>
<!-- Generated by org.testng.reporters.JUnitReportReporter -->
<testsuite hostname="mirketa-siddharth" failures="0" tests="1" name="HoverPack.TestHover" time="1.444" errors="0" timestamp="2021-04-10T18:00:57 IST" skipped="0">
  <testcase classname="HoverPack.TestHover" name="ActualTest" time="1.444"/>
  <system-out/>
</testsuite> <!-- HoverPack.TestHover -->
