<?xml version="1.0" encoding="UTF-8"?>
<!-- Generated by org.testng.reporters.JUnitReportReporter -->
<testsuite hostname="mirketa-siddharth" failures="0" tests="1" name="HandlingContext.MainClass" time="1.084" errors="0" timestamp="2021-04-14T18:21:23 IST" skipped="0">
  <testcase classname="HandlingContext.MainClass" name="Hello" time="1.084"/>
  <system-out/>
</testsuite> <!-- HandlingContext.MainClass -->
