<?xml version="1.0" encoding="UTF-8"?>
<!-- Generated by org.testng.reporters.JUnitReportReporter -->
<testsuite hostname="mirketa-siddharth" failures="0" tests="1" name="JavaScriptScroll.MainExecution" time="1.647" errors="0" timestamp="2021-04-19T23:38:23 IST" skipped="0">
  <testcase classname="JavaScriptScroll.MainExecution" name="Execution" time="1.647"/>
  <system-out/>
</testsuite> <!-- JavaScriptScroll.MainExecution -->
