<?xml version="1.0" encoding="UTF-8"?>
<!-- Generated by org.testng.reporters.JUnitReportReporter -->
<testsuite hostname="mirketa-siddharth" failures="0" tests="1" name="NestedFrame.Execution" time="2.927" errors="0" timestamp="2021-04-17T18:33:27 IST" skipped="0">
  <testcase classname="NestedFrame.Execution" name="First" time="2.927"/>
  <system-out/>
</testsuite> <!-- NestedFrame.Execution -->
